  Building Custom Rule C:/Users/Michał/Desktop/CPP/Lords-of-Space/_deps/sfml-src/src/SFML/System/CMakeLists.txt
  Clock.cpp
  Err.cpp
  Lock.cpp
  Mutex.cpp
  Sleep.cpp
  String.cpp
  Thread.cpp
  ThreadLocal.cpp
  Time.cpp
  FileInputStream.cpp
  MemoryInputStream.cpp
  ClockImpl.cpp
  MutexImpl.cpp
  SleepImpl.cpp
  ThreadImpl.cpp
  ThreadLocalImpl.cpp
  Generowanie kodu...
     Trwa tworzenie biblioteki C:/Users/Michał/Desktop/CPP/Lords-of-Space/_deps/sfml-build/lib/Debug/sfml-system-d.lib i obiektu C:/Users/Michał/Desktop/CPP/Lords-of-Space/_deps/sfml-build/lib/Debug/sfml-system-d.exp
  sfml-system.vcxproj -> C:\Users\Michał\Desktop\CPP\Lords-of-Space\_deps\sfml-build\lib\Debug\sfml-system-d-2.dll
