  Building Custom Rule C:/Users/Michał/Desktop/CPP/Lords-of-Space/_deps/sfml-src/src/SFML/Audio/CMakeLists.txt
  ALCheck.cpp
  AlResource.cpp
  AudioDevice.cpp
  Listener.cpp
  Music.cpp
  Sound.cpp
  SoundBuffer.cpp
  SoundBufferRecorder.cpp
  InputSoundFile.cpp
  OutputSoundFile.cpp
  SoundRecorder.cpp
  SoundSource.cpp
  SoundStream.cpp
  SoundFileFactory.cpp
  SoundFileReaderFlac.cpp
  SoundFileReaderMp3.cpp
  SoundFileReaderOgg.cpp
  SoundFileReaderWav.cpp
  SoundFileWriterFlac.cpp
  SoundFileWriterOgg.cpp
  Generowanie kodu...
  Trwa kompilowanie...
  SoundFileWriterWav.cpp
  Generowanie kodu...
     Trwa tworzenie biblioteki C:/Users/Michał/Desktop/CPP/Lords-of-Space/_deps/sfml-build/lib/Debug/sfml-audio-d.lib i obiektu C:/Users/Michał/Desktop/CPP/Lords-of-Space/_deps/sfml-build/lib/Debug/sfml-audio-d.exp
  sfml-audio.vcxproj -> C:\Users\Michał\Desktop\CPP\Lords-of-Space\_deps\sfml-build\lib\Debug\sfml-audio-d-2.dll
